Using pre-set license
Built from '2021.1/staging' branch; Version is '2021.1.15f1 (e767a7370072) revision 15165351'; Using compiler version '192528614'; Build Type 'Release'
OS: 'Windows 10 Pro Education; OS build 19042.1165; Version 2009; 64bit' Language: 'en' Physical Memory: 8058 MB
BatchMode: 1, IsHumanControllingUs: 0, StartBugReporterOnCrash: 0, Is64bit: 1, IsPro: 0

 COMMAND LINE ARGUMENTS:
C:\Program Files\Unity 2021.1.15f1\Editor\Unity.exe
-adb2
-batchMode
-noUpm
-name
AssetImportWorker31
-projectPath
C:/Users/ADAN ASIM/Documents/Mindstorm Fellowship 2021/Rookie Game Jam/Game implementation/Sundae Rush
-logFile
Logs/AssetImportWorker31.log
-srvPort
51389
Successfully changed project path to: C:/Users/ADAN ASIM/Documents/Mindstorm Fellowship 2021/Rookie Game Jam/Game implementation/Sundae Rush
C:/Users/ADAN ASIM/Documents/Mindstorm Fellowship 2021/Rookie Game Jam/Game implementation/Sundae Rush
Using Asset Import Pipeline V2.
Refreshing native plugins compatible for Editor in 135.14 ms, found 3 plugins.
Preloading 0 native plugins for Editor in 0.00 ms.
Initialize engine version: 2021.1.15f1 (e767a7370072)
[Subsystems] Discovering subsystems at path C:/Program Files/Unity 2021.1.15f1/Editor/Data/Resources/UnitySubsystems
[Subsystems] Discovering subsystems at path C:/Users/ADAN ASIM/Documents/Mindstorm Fellowship 2021/Rookie Game Jam/Game implementation/Sundae Rush/Assets
GfxDevice: creating device client; threaded=0; jobified=0
